<?xml version="1.0" encoding="UTF-8"?>
<!-- Generated by org.testng.reporters.JUnitXMLReporter -->
<testsuite hostname="LAPTOP-ISJNOE6A" failures="0" tests="3" name="Test" time="154.411" errors="0" timestamp="2 Dec 2021 14:47:26 GMT">
  <testcase classname="MylestonesTask2.MylestonesAutomationTestCases.Login" name="LoginMethod" time="21.459"/>
  <testcase classname="MylestonesTask2.MylestonesAutomationTestCases.Register" name="RegistrationMethod" time="21.071"/>
  <testcase classname="MylestonesTask2.MylestonesAutomationTestCases.ForgetPass" name="RegistrationMethod" time="32.285"/>
</testsuite> <!-- Test -->
